<?xml version="1.0" encoding="UTF-8"?>
<!-- Generated by org.testng.reporters.JUnitReportReporter -->
<testsuite hostname="SPT-LPT-0343" failures="0" tests="1" name="DXL.UAT.BaseClass" time="8.407" errors="0" timestamp="2024-02-19T16:40:18 IST" skipped="0">
  <testcase classname="DXL.UAT.BaseClass" name="validateDXLTitle" time="8.407"/>
</testsuite> <!-- DXL.UAT.BaseClass -->
