<?xml version="1.0" encoding="UTF-8"?>
<!-- Generated by org.testng.reporters.JUnitReportReporter -->
<testsuite hostname="SPT-LPT-0343" failures="0" tests="2" name="test_Pages.MyAccount.Saved_Addresses" time="3.365" errors="0" timestamp="2024-02-25T20:08:16 IST" skipped="0">
  <testcase classname="test_Pages.MyAccount.Saved_Addresses" name="myAddress" time="1.928"/>
  <testcase classname="test_Pages.MyAccount.Saved_Addresses" name="editAddress" time="1.437"/>
</testsuite> <!-- test_Pages.MyAccount.Saved_Addresses -->
