<?xml version="1.0" encoding="UTF-8"?>
<!-- Generated by org.testng.reporters.JUnitReportReporter -->
<testsuite hostname="SPT-LPT-0343" failures="0" tests="2" name="test_Pages.HomePage" time="3.721" errors="0" timestamp="2024-02-19T17:40:24 IST" skipped="0">
  <testcase classname="test_Pages.HomePage" name="acceptCookieButton" time="0.499"/>
  <testcase classname="test_Pages.HomePage" name="internationalCloseicon" time="3.222"/>
</testsuite> <!-- test_Pages.HomePage -->
